Watching for file changes with StatReloader
Watching for file changes with StatReloader
[20/Mar/2020 23:32:28] "GET /crontab/ HTTP/1.1" 200 1205
[20/Mar/2020 23:32:29] "GET /crontab/ HTTP/1.1" 200 1205
[20/Mar/2020 23:32:29] "GET /crontab/ HTTP/1.1" 200 1205
[20/Mar/2020 23:33:45] "GET /crontab/ HTTP/1.1" 200 1280
[20/Mar/2020 23:33:46] "GET /crontab/new/ HTTP/1.1" 200 2871
[20/Mar/2020 23:33:56] "POST /crontab/new/ HTTP/1.1" 302 0
[20/Mar/2020 23:33:56] "GET /crontab HTTP/1.1" 301 0
[20/Mar/2020 23:33:56] "GET /crontab/ HTTP/1.1" 200 1358
[20/Mar/2020 23:34:09] "GET /crontab/ HTTP/1.1" 200 1364
[20/Mar/2020 23:34:10] "GET /crontab/ HTTP/1.1" 200 1364
[20/Mar/2020 23:34:24] "GET /crontab/ HTTP/1.1" 200 1364
[20/Mar/2020 23:34:50] "GET /crontab/new/ HTTP/1.1" 200 2871
[20/Mar/2020 23:34:57] "POST /crontab/new/ HTTP/1.1" 302 0
[20/Mar/2020 23:34:57] "GET /crontab HTTP/1.1" 301 0
[20/Mar/2020 23:34:57] "GET /crontab/ HTTP/1.1" 200 1442
sed: -e expression #1, char 2: 명령줄 다음의 불필요한 문자
[20/Mar/2020 23:35:05] "GET /crontab/delete/11/ HTTP/1.1" 302 0
[20/Mar/2020 23:35:05] "GET /crontab/ HTTP/1.1" 200 1364
[20/Mar/2020 23:35:27] "GET /crontab/new/ HTTP/1.1" 200 2871
[20/Mar/2020 23:35:35] "POST /crontab/new/ HTTP/1.1" 302 0
[20/Mar/2020 23:35:36] "GET /crontab HTTP/1.1" 301 0
[20/Mar/2020 23:35:36] "GET /crontab/ HTTP/1.1" 200 1442
sed: -e expression #1, char 2: 명령줄 다음의 불필요한 문자
[20/Mar/2020 23:35:44] "GET /crontab/delete/12/ HTTP/1.1" 302 0
[20/Mar/2020 23:35:44] "GET /crontab/ HTTP/1.1" 200 1364
sed: -e expression #1, char 2: 명령줄 다음의 불필요한 문자
[20/Mar/2020 23:35:45] "GET /crontab/delete/13/ HTTP/1.1" 302 0
[20/Mar/2020 23:35:45] "GET /crontab/ HTTP/1.1" 200 1286
[20/Mar/2020 23:35:55] "GET /crontab/new/ HTTP/1.1" 200 2871
[20/Mar/2020 23:36:02] "POST /crontab/new/ HTTP/1.1" 302 0
[20/Mar/2020 23:36:02] "GET /crontab HTTP/1.1" 301 0
[20/Mar/2020 23:36:02] "GET /crontab/ HTTP/1.1" 200 1364
[20/Mar/2020 23:36:10] "GET /crontab/new/ HTTP/1.1" 200 2871
"/tmp/tmp.2sfH4WRaSQ":1: bad minute
errors in crontab file, can't install.
[20/Mar/2020 23:36:18] "POST /crontab/new/ HTTP/1.1" 302 0
[20/Mar/2020 23:36:18] "GET /crontab HTTP/1.1" 301 0
[20/Mar/2020 23:36:18] "GET /crontab/ HTTP/1.1" 200 1442
[20/Mar/2020 23:36:48] "GET /crontab/ HTTP/1.1" 200 1478
Internal Server Error: /crontab/
Traceback (most recent call last):
  File "/root/venv/lib/python3.6/site-packages/django/core/handlers/exception.py", line 34, in inner
    response = get_response(request)
  File "/root/venv/lib/python3.6/site-packages/django/core/handlers/base.py", line 115, in _get_response
    response = self.process_exception_by_middleware(e, request)
  File "/root/venv/lib/python3.6/site-packages/django/core/handlers/base.py", line 113, in _get_response
    response = wrapped_callback(request, *callback_args, **callback_kwargs)
  File "/root/venv/WebCron/cron/views.py", line 31, in crontab_list
    return render(request, 'cron/crontab_list.html', {'crontab_list':obj})
  File "/root/venv/lib/python3.6/site-packages/django/shortcuts.py", line 19, in render
    content = loader.render_to_string(template_name, context, request, using=using)
  File "/root/venv/lib/python3.6/site-packages/django/template/loader.py", line 61, in render_to_string
    template = get_template(template_name, using=using)
  File "/root/venv/lib/python3.6/site-packages/django/template/loader.py", line 15, in get_template
    return engine.get_template(template_name)
  File "/root/venv/lib/python3.6/site-packages/django/template/backends/django.py", line 34, in get_template
    return Template(self.engine.get_template(template_name), self)
  File "/root/venv/lib/python3.6/site-packages/django/template/engine.py", line 143, in get_template
    template, origin = self.find_template(template_name)
  File "/root/venv/lib/python3.6/site-packages/django/template/engine.py", line 125, in find_template
    template = loader.get_template(name, skip=skip)
  File "/root/venv/lib/python3.6/site-packages/django/template/loaders/base.py", line 30, in get_template
    contents, origin, origin.template_name, self.engine,
  File "/root/venv/lib/python3.6/site-packages/django/template/base.py", line 156, in __init__
    self.nodelist = self.compile_nodelist()
  File "/root/venv/lib/python3.6/site-packages/django/template/base.py", line 194, in compile_nodelist
    return parser.parse()
  File "/root/venv/lib/python3.6/site-packages/django/template/base.py", line 477, in parse
    raise self.error(token, e)
  File "/root/venv/lib/python3.6/site-packages/django/template/base.py", line 475, in parse
    compiled_result = compile_func(self, token)
  File "/root/venv/lib/python3.6/site-packages/django/template/loader_tags.py", line 266, in do_extends
    nodelist = parser.parse()
  File "/root/venv/lib/python3.6/site-packages/django/template/base.py", line 477, in parse
    raise self.error(token, e)
  File "/root/venv/lib/python3.6/site-packages/django/template/base.py", line 475, in parse
    compiled_result = compile_func(self, token)
  File "/root/venv/lib/python3.6/site-packages/django/template/loader_tags.py", line 209, in do_block
    nodelist = parser.parse(('endblock',))
  File "/root/venv/lib/python3.6/site-packages/django/template/base.py", line 477, in parse
    raise self.error(token, e)
  File "/root/venv/lib/python3.6/site-packages/django/template/base.py", line 475, in parse
    compiled_result = compile_func(self, token)
  File "/root/venv/lib/python3.6/site-packages/django/template/defaulttags.py", line 811, in do_for
    nodelist_loop = parser.parse(('empty', 'endfor',))
  File "/root/venv/lib/python3.6/site-packages/django/template/base.py", line 448, in parse
    raise self.error(token, e)
  File "/root/venv/lib/python3.6/site-packages/django/template/base.py", line 446, in parse
    filter_expression = self.compile_filter(token.contents)
  File "/root/venv/lib/python3.6/site-packages/django/template/base.py", line 562, in compile_filter
    return FilterExpression(token, self)
  File "/root/venv/lib/python3.6/site-packages/django/template/base.py", line 662, in __init__
    "from '%s'" % (token[upto:], token))
django.template.exceptions.TemplateSyntaxError: Could not parse the remainder: '()' from 'cron_data.get_file_name()'
[20/Mar/2020 23:36:58] "GET /crontab/ HTTP/1.1" 500 170777
[20/Mar/2020 23:37:11] "GET /crontab/ HTTP/1.1" 200 1443
[20/Mar/2020 23:37:12] "GET /crontab/ HTTP/1.1" 200 1443
Internal Server Error: /crontab/
Traceback (most recent call last):
  File "/root/venv/lib/python3.6/site-packages/django/core/handlers/exception.py", line 34, in inner
    response = get_response(request)
  File "/root/venv/lib/python3.6/site-packages/django/core/handlers/base.py", line 115, in _get_response
    response = self.process_exception_by_middleware(e, request)
  File "/root/venv/lib/python3.6/site-packages/django/core/handlers/base.py", line 113, in _get_response
    response = wrapped_callback(request, *callback_args, **callback_kwargs)
  File "/root/venv/WebCron/cron/views.py", line 31, in crontab_list
    return render(request, 'cron/crontab_list.html', {'crontab_list':obj})
  File "/root/venv/lib/python3.6/site-packages/django/shortcuts.py", line 19, in render
    content = loader.render_to_string(template_name, context, request, using=using)
  File "/root/venv/lib/python3.6/site-packages/django/template/loader.py", line 61, in render_to_string
    template = get_template(template_name, using=using)
  File "/root/venv/lib/python3.6/site-packages/django/template/loader.py", line 15, in get_template
    return engine.get_template(template_name)
  File "/root/venv/lib/python3.6/site-packages/django/template/backends/django.py", line 34, in get_template
    return Template(self.engine.get_template(template_name), self)
  File "/root/venv/lib/python3.6/site-packages/django/template/engine.py", line 143, in get_template
    template, origin = self.find_template(template_name)
  File "/root/venv/lib/python3.6/site-packages/django/template/engine.py", line 125, in find_template
    template = loader.get_template(name, skip=skip)
  File "/root/venv/lib/python3.6/site-packages/django/template/loaders/base.py", line 30, in get_template
    contents, origin, origin.template_name, self.engine,
  File "/root/venv/lib/python3.6/site-packages/django/template/base.py", line 156, in __init__
    self.nodelist = self.compile_nodelist()
  File "/root/venv/lib/python3.6/site-packages/django/template/base.py", line 194, in compile_nodelist
    return parser.parse()
  File "/root/venv/lib/python3.6/site-packages/django/template/base.py", line 477, in parse
    raise self.error(token, e)
  File "/root/venv/lib/python3.6/site-packages/django/template/base.py", line 475, in parse
    compiled_result = compile_func(self, token)
  File "/root/venv/lib/python3.6/site-packages/django/template/loader_tags.py", line 266, in do_extends
    nodelist = parser.parse()
  File "/root/venv/lib/python3.6/site-packages/django/template/base.py", line 477, in parse
    raise self.error(token, e)
  File "/root/venv/lib/python3.6/site-packages/django/template/base.py", line 475, in parse
    compiled_result = compile_func(self, token)
  File "/root/venv/lib/python3.6/site-packages/django/template/loader_tags.py", line 209, in do_block
    nodelist = parser.parse(('endblock',))
  File "/root/venv/lib/python3.6/site-packages/django/template/base.py", line 477, in parse
    raise self.error(token, e)
  File "/root/venv/lib/python3.6/site-packages/django/template/base.py", line 475, in parse
    compiled_result = compile_func(self, token)
  File "/root/venv/lib/python3.6/site-packages/django/template/defaulttags.py", line 811, in do_for
    nodelist_loop = parser.parse(('empty', 'endfor',))
  File "/root/venv/lib/python3.6/site-packages/django/template/base.py", line 448, in parse
    raise self.error(token, e)
  File "/root/venv/lib/python3.6/site-packages/django/template/base.py", line 446, in parse
    filter_expression = self.compile_filter(token.contents)
  File "/root/venv/lib/python3.6/site-packages/django/template/base.py", line 562, in compile_filter
    return FilterExpression(token, self)
  File "/root/venv/lib/python3.6/site-packages/django/template/base.py", line 662, in __init__
    "from '%s'" % (token[upto:], token))
django.template.exceptions.TemplateSyntaxError: Could not parse the remainder: '()' from 'cron_data.get_file_name()'
[20/Mar/2020 23:37:44] "GET /crontab/ HTTP/1.1" 500 170777
[20/Mar/2020 23:39:16] "GET /crontab/ HTTP/1.1" 200 1509
sed: -e expression #1, char 2: 명령줄 다음의 불필요한 문자
[20/Mar/2020 23:39:32] "GET /crontab/delete/15/ HTTP/1.1" 302 0
[20/Mar/2020 23:39:33] "GET /crontab/ HTTP/1.1" 200 1397
/root/venv/WebCron/cron/utils.py changed, reloading.
Performing system checks...

System check identified no issues (0 silenced).
March 20, 2020 - 23:32:26
Django version 3.0.4, using settings 'WebCron.settings'
Starting development server at http://0.0.0.0:9000/
Quit the server with CONTROL-C.
크론탭에 데이터 없음
크론탭에 데이터 없음
크론탭에 데이터 없음
크론탭에 데이터 없음
크론탭에 데이터 없음
크론탭에 데이터 없음
크론탭에 데이터 없음
크론탭에 데이터 없음
Watching for file changes with StatReloader
/root/venv/WebCron/cron/utils.py changed, reloading.
Performing system checks...

System check identified no issues (0 silenced).
March 20, 2020 - 23:40:16
Django version 3.0.4, using settings 'WebCron.settings'
Starting development server at http://0.0.0.0:9000/
Quit the server with CONTROL-C.
Watching for file changes with StatReloader
[20/Mar/2020 23:40:55] "GET /crontab/ HTTP/1.1" 200 1397
[20/Mar/2020 23:40:56] "GET /crontab/delete/14/ HTTP/1.1" 302 0
[20/Mar/2020 23:40:57] "GET /crontab/ HTTP/1.1" 200 1397
[20/Mar/2020 23:40:57] "GET /crontab/delete/14/ HTTP/1.1" 302 0
[20/Mar/2020 23:40:58] "GET /crontab/ HTTP/1.1" 200 1397
[20/Mar/2020 23:40:58] "GET /crontab/delete/14/ HTTP/1.1" 302 0
[20/Mar/2020 23:40:58] "GET /crontab/ HTTP/1.1" 200 1397
[20/Mar/2020 23:40:59] "GET /crontab/delete/14/ HTTP/1.1" 302 0
[20/Mar/2020 23:40:59] "GET /crontab/ HTTP/1.1" 200 1397
[20/Mar/2020 23:41:00] "GET /crontab/delete/14/ HTTP/1.1" 302 0
[20/Mar/2020 23:41:00] "GET /crontab/ HTTP/1.1" 200 1397
[20/Mar/2020 23:41:01] "GET /crontab/delete/14/ HTTP/1.1" 302 0
[20/Mar/2020 23:41:01] "GET /crontab/ HTTP/1.1" 200 1397
[20/Mar/2020 23:41:01] "GET /crontab/delete/14/ HTTP/1.1" 302 0
[20/Mar/2020 23:41:01] "GET /crontab/ HTTP/1.1" 200 1397
